<?xml version="1.0" encoding="UTF-8"?>
<!-- Generated by org.testng.reporters.JUnitXMLReporter -->
<testsuite hostname="LAPTOP-EUI09ITD" ignored="0" name="Default test" tests="2" failures="0" timestamp="22 Apr 2018 22:27:08 GMT" time="51.296" errors="0">
  <testcase name="feature" time="29.798" classname="cucumber.api.testng.AbstractTestNGCucumberTests"/>
  <testcase name="feature" time="21.076" classname="cucumber.api.testng.AbstractTestNGCucumberTests"/>
</testsuite> <!-- Default test -->
