<?xml version="1.0" encoding="UTF-8"?>
<!-- Generated by org.testng.reporters.JUnitXMLReporter -->
<testsuite hostname="LAPTOP-EUI09ITD" ignored="0" name="Default test" tests="2" failures="0" timestamp="08 Apr 2018 23:05:52 GMT" time="63.172" errors="0">
  <testcase name="feature" time="41.399" classname="cucumber.api.testng.AbstractTestNGCucumberTests"/>
  <testcase name="feature" time="21.127" classname="cucumber.api.testng.AbstractTestNGCucumberTests"/>
</testsuite> <!-- Default test -->
