<?xml version="1.0" encoding="UTF-8"?>
<!-- Generated by org.testng.reporters.JUnitXMLReporter -->
<testsuite hostname="LAPTOP-EUI09ITD" ignored="0" name="Default test" tests="2" failures="0" timestamp="08 Apr 2018 18:04:06 GMT" time="64.62" errors="0">
  <testcase name="feature" time="39.383" classname="cucumber.api.testng.AbstractTestNGCucumberTests"/>
  <testcase name="feature" time="24.686" classname="cucumber.api.testng.AbstractTestNGCucumberTests"/>
</testsuite> <!-- Default test -->
