<?xml version="1.0" encoding="UTF-8"?>
<testng-results skipped="0" failed="0" ignored="0" total="1" passed="1">
  <reporter-output>
  </reporter-output>
  <suite name="Default suite" duration-ms="41887" started-at="2018-04-02T00:52:14Z" finished-at="2018-04-02T00:52:56Z">
    <groups>
      <group name="cucumber">
        <method signature="AbstractTestNGCucumberTests.feature(cucumber.api.testng.CucumberFeatureWrapper)[pri:0, instance:runners.OpenAccount@a74868d]" name="feature" class="cucumber.api.testng.AbstractTestNGCucumberTests"/>
      </group> <!-- cucumber -->
    </groups>
    <test name="Default test" duration-ms="41887" started-at="2018-04-02T00:52:14Z" finished-at="2018-04-02T00:52:56Z">
      <class name="runners.OpenAccount">
        <test-method status="PASS" signature="setUpClass()[pri:0, instance:runners.OpenAccount@a74868d]" name="setUpClass" is-config="true" duration-ms="181" started-at="2018-04-01T19:52:14Z" finished-at="2018-04-01T19:52:14Z">
          <reporter-output>
          </reporter-output>
        </test-method> <!-- setUpClass -->
        <test-method status="PASS" signature="setup()[pri:0, instance:runners.OpenAccount@a74868d]" name="setup" is-config="true" duration-ms="116" started-at="2018-04-01T19:52:14Z" finished-at="2018-04-01T19:52:15Z">
          <reporter-output>
          </reporter-output>
        </test-method> <!-- setup -->
        <test-method status="PASS" signature="feature(cucumber.api.testng.CucumberFeatureWrapper)[pri:0, instance:runners.OpenAccount@a74868d]" name="feature" duration-ms="41381" started-at="2018-04-01T19:52:15Z" description="Runs Cucumber Feature" data-provider="features" finished-at="2018-04-01T19:52:56Z">
          <params>
            <param index="0">
              <value>
                <![CDATA[Acceptance testing to validate opening an account is working.]]>
              </value>
            </param>
          </params>
          <reporter-output>
          </reporter-output>
        </test-method> <!-- feature -->
        <test-method status="PASS" signature="tearDownClass()[pri:0, instance:runners.OpenAccount@a74868d]" name="tearDownClass" is-config="true" duration-ms="143" started-at="2018-04-01T19:52:56Z" finished-at="2018-04-01T19:52:56Z">
          <reporter-output>
          </reporter-output>
        </test-method> <!-- tearDownClass -->
      </class> <!-- runners.OpenAccount -->
    </test> <!-- Default test -->
  </suite> <!-- Default suite -->
</testng-results>
