<?xml version="1.0" encoding="UTF-8"?>
<testng-results skipped="0" failed="0" ignored="0" total="2" passed="2">
  <reporter-output>
  </reporter-output>
  <suite name="Default suite" duration-ms="51296" started-at="2018-04-22T22:26:17Z" finished-at="2018-04-22T22:27:08Z">
    <groups>
      <group name="cucumber">
        <method signature="AbstractTestNGCucumberTests.feature(cucumber.api.testng.CucumberFeatureWrapper)[pri:0, instance:runners.OpenAccountRunner@2de8284b]" name="feature" class="cucumber.api.testng.AbstractTestNGCucumberTests"/>
        <method signature="AbstractTestNGCucumberTests.feature(cucumber.api.testng.CucumberFeatureWrapper)[pri:0, instance:runners.OpenMortgageAccountRunner@396e2f39]" name="feature" class="cucumber.api.testng.AbstractTestNGCucumberTests"/>
      </group> <!-- cucumber -->
    </groups>
    <test name="Default test" duration-ms="51296" started-at="2018-04-22T22:26:17Z" finished-at="2018-04-22T22:27:08Z">
      <class name="runners.OpenAccountRunner">
        <test-method status="PASS" signature="setUpClass()[pri:0, instance:runners.OpenAccountRunner@2de8284b]" name="setUpClass" is-config="true" duration-ms="143" started-at="2018-04-22T17:26:17Z" finished-at="2018-04-22T17:26:17Z">
          <reporter-output>
          </reporter-output>
        </test-method> <!-- setUpClass -->
        <test-method status="PASS" signature="setup()[pri:0, instance:runners.OpenAccountRunner@2de8284b]" name="setup" is-config="true" duration-ms="116" started-at="2018-04-22T17:26:17Z" finished-at="2018-04-22T17:26:17Z">
          <reporter-output>
          </reporter-output>
        </test-method> <!-- setup -->
        <test-method status="PASS" signature="feature(cucumber.api.testng.CucumberFeatureWrapper)[pri:0, instance:runners.OpenAccountRunner@2de8284b]" name="feature" duration-ms="29798" started-at="2018-04-22T17:26:17Z" description="Runs Cucumber Feature" data-provider="features" finished-at="2018-04-22T17:26:47Z">
          <params>
            <param index="0">
              <value>
                <![CDATA[Acceptance testing to validate opening an account is working.]]>
              </value>
            </param>
          </params>
          <reporter-output>
          </reporter-output>
        </test-method> <!-- feature -->
        <test-method status="PASS" signature="tearDownClass()[pri:0, instance:runners.OpenAccountRunner@2de8284b]" name="tearDownClass" is-config="true" duration-ms="38" started-at="2018-04-22T17:26:47Z" finished-at="2018-04-22T17:26:47Z">
          <reporter-output>
          </reporter-output>
        </test-method> <!-- tearDownClass -->
      </class> <!-- runners.OpenAccountRunner -->
      <class name="runners.OpenMortgageAccountRunner">
        <test-method status="PASS" signature="setUpClass()[pri:0, instance:runners.OpenMortgageAccountRunner@396e2f39]" name="setUpClass" is-config="true" duration-ms="9" started-at="2018-04-22T17:26:47Z" finished-at="2018-04-22T17:26:47Z">
          <reporter-output>
          </reporter-output>
        </test-method> <!-- setUpClass -->
        <test-method status="PASS" signature="setup()[pri:0, instance:runners.OpenMortgageAccountRunner@396e2f39]" name="setup" is-config="true" duration-ms="7" started-at="2018-04-22T17:26:47Z" finished-at="2018-04-22T17:26:47Z">
          <reporter-output>
          </reporter-output>
        </test-method> <!-- setup -->
        <test-method status="PASS" signature="feature(cucumber.api.testng.CucumberFeatureWrapper)[pri:0, instance:runners.OpenMortgageAccountRunner@396e2f39]" name="feature" duration-ms="21076" started-at="2018-04-22T17:26:47Z" description="Runs Cucumber Feature" data-provider="features" finished-at="2018-04-22T17:27:08Z">
          <params>
            <param index="0">
              <value>
                <![CDATA[Acceptance testing to validate opening a mortgage account is working.]]>
              </value>
            </param>
          </params>
          <reporter-output>
          </reporter-output>
        </test-method> <!-- feature -->
        <test-method status="PASS" signature="tearDownClass()[pri:0, instance:runners.OpenMortgageAccountRunner@396e2f39]" name="tearDownClass" is-config="true" duration-ms="31" started-at="2018-04-22T17:27:08Z" finished-at="2018-04-22T17:27:08Z">
          <reporter-output>
          </reporter-output>
        </test-method> <!-- tearDownClass -->
      </class> <!-- runners.OpenMortgageAccountRunner -->
    </test> <!-- Default test -->
  </suite> <!-- Default suite -->
</testng-results>
