<?xml version="1.0" encoding="UTF-8"?>
<testng-results skipped="0" failed="0" ignored="0" total="2" passed="2">
  <reporter-output>
  </reporter-output>
  <suite name="Default suite" duration-ms="63172" started-at="2018-04-08T23:04:49Z" finished-at="2018-04-08T23:05:52Z">
    <groups>
      <group name="cucumber">
        <method signature="AbstractTestNGCucumberTests.feature(cucumber.api.testng.CucumberFeatureWrapper)[pri:0, instance:runners.OpenAccountRunner@2de8284b]" name="feature" class="cucumber.api.testng.AbstractTestNGCucumberTests"/>
        <method signature="AbstractTestNGCucumberTests.feature(cucumber.api.testng.CucumberFeatureWrapper)[pri:0, instance:runners.OpenMortgageAccountRunner@396e2f39]" name="feature" class="cucumber.api.testng.AbstractTestNGCucumberTests"/>
      </group> <!-- cucumber -->
    </groups>
    <test name="Default test" duration-ms="63172" started-at="2018-04-08T23:04:49Z" finished-at="2018-04-08T23:05:52Z">
      <class name="runners.OpenAccountRunner">
        <test-method status="PASS" signature="setUpClass()[pri:0, instance:runners.OpenAccountRunner@2de8284b]" name="setUpClass" is-config="true" duration-ms="189" started-at="2018-04-08T18:04:49Z" finished-at="2018-04-08T18:04:49Z">
          <reporter-output>
          </reporter-output>
        </test-method> <!-- setUpClass -->
        <test-method status="PASS" signature="setup()[pri:0, instance:runners.OpenAccountRunner@2de8284b]" name="setup" is-config="true" duration-ms="134" started-at="2018-04-08T18:04:49Z" finished-at="2018-04-08T18:04:50Z">
          <reporter-output>
          </reporter-output>
        </test-method> <!-- setup -->
        <test-method status="PASS" signature="feature(cucumber.api.testng.CucumberFeatureWrapper)[pri:0, instance:runners.OpenAccountRunner@2de8284b]" name="feature" duration-ms="41399" started-at="2018-04-08T18:04:50Z" description="Runs Cucumber Feature" data-provider="features" finished-at="2018-04-08T18:05:31Z">
          <params>
            <param index="0">
              <value>
                <![CDATA[Acceptance testing to validate opening an account is working.]]>
              </value>
            </param>
          </params>
          <reporter-output>
          </reporter-output>
        </test-method> <!-- feature -->
        <test-method status="PASS" signature="tearDownClass()[pri:0, instance:runners.OpenAccountRunner@2de8284b]" name="tearDownClass" is-config="true" duration-ms="87" started-at="2018-04-08T18:05:31Z" finished-at="2018-04-08T18:05:31Z">
          <reporter-output>
          </reporter-output>
        </test-method> <!-- tearDownClass -->
      </class> <!-- runners.OpenAccountRunner -->
      <class name="runners.OpenMortgageAccountRunner">
        <test-method status="PASS" signature="setUpClass()[pri:0, instance:runners.OpenMortgageAccountRunner@396e2f39]" name="setUpClass" is-config="true" duration-ms="29" started-at="2018-04-08T18:05:31Z" finished-at="2018-04-08T18:05:31Z">
          <reporter-output>
          </reporter-output>
        </test-method> <!-- setUpClass -->
        <test-method status="PASS" signature="setup()[pri:0, instance:runners.OpenMortgageAccountRunner@396e2f39]" name="setup" is-config="true" duration-ms="7" started-at="2018-04-08T18:05:31Z" finished-at="2018-04-08T18:05:31Z">
          <reporter-output>
          </reporter-output>
        </test-method> <!-- setup -->
        <test-method status="PASS" signature="feature(cucumber.api.testng.CucumberFeatureWrapper)[pri:0, instance:runners.OpenMortgageAccountRunner@396e2f39]" name="feature" duration-ms="21127" started-at="2018-04-08T18:05:31Z" description="Runs Cucumber Feature" data-provider="features" finished-at="2018-04-08T18:05:52Z">
          <params>
            <param index="0">
              <value>
                <![CDATA[Acceptance testing to validate opening a mortgage account is working.]]>
              </value>
            </param>
          </params>
          <reporter-output>
          </reporter-output>
        </test-method> <!-- feature -->
        <test-method status="PASS" signature="tearDownClass()[pri:0, instance:runners.OpenMortgageAccountRunner@396e2f39]" name="tearDownClass" is-config="true" duration-ms="111" started-at="2018-04-08T18:05:52Z" finished-at="2018-04-08T18:05:52Z">
          <reporter-output>
          </reporter-output>
        </test-method> <!-- tearDownClass -->
      </class> <!-- runners.OpenMortgageAccountRunner -->
    </test> <!-- Default test -->
  </suite> <!-- Default suite -->
</testng-results>
